2024-01-26 17:19:07,717 WARNING Not Found: /api/todoapp/student/4/delete/ 241
2024-01-26 17:19:07,717 WARNING "DELETE /api/todoapp/student/4/delete/ HTTP/1.1" 404 3085 212
2024-01-26 17:19:39,170 WARNING Not Found: /api/todoapp/student/1/delete/ 241
2024-01-26 17:19:39,170 WARNING "DELETE /api/todoapp/student/1/delete/ HTTP/1.1" 404 3085 212
2024-01-26 17:26:51,278 INFO E:\TODO-PROJECT\todo_project\todoapp\views.py changed, reloading. 266
2024-01-26 17:26:52,361 INFO Watching for file changes with StatReloader 668
2024-01-26 17:26:57,337 INFO E:\TODO-PROJECT\todo_project\todoapp\views.py changed, reloading. 266
2024-01-26 17:26:58,543 INFO Watching for file changes with StatReloader 668
2024-01-26 17:27:25,916 INFO E:\TODO-PROJECT\todo_project\todoapp\views.py changed, reloading. 266
2024-01-26 17:27:26,916 INFO Watching for file changes with StatReloader 668
2024-01-26 17:27:28,725 INFO E:\TODO-PROJECT\todo_project\todoapp\views.py changed, reloading. 266
2024-01-26 17:27:29,777 INFO Watching for file changes with StatReloader 668
2024-01-26 17:27:42,196 INFO E:\TODO-PROJECT\todo_project\todoapp\views.py changed, reloading. 266
2024-01-26 17:27:43,268 INFO Watching for file changes with StatReloader 668
2024-01-26 17:27:45,057 INFO E:\TODO-PROJECT\todo_project\todoapp\views.py changed, reloading. 266
2024-01-26 17:27:46,123 INFO Watching for file changes with StatReloader 668
2024-01-26 17:27:48,925 INFO E:\TODO-PROJECT\todo_project\todoapp\views.py changed, reloading. 266
2024-01-26 17:27:49,876 INFO Watching for file changes with StatReloader 668
2024-01-26 17:27:59,035 INFO E:\TODO-PROJECT\todo_project\todoapp\views.py changed, reloading. 266
2024-01-26 17:28:00,112 INFO Watching for file changes with StatReloader 668
2024-01-26 17:28:01,849 INFO E:\TODO-PROJECT\todo_project\todoapp\views.py changed, reloading. 266
2024-01-26 17:28:02,863 INFO Watching for file changes with StatReloader 668
2024-01-26 17:28:43,143 INFO E:\TODO-PROJECT\todo_project\todoapp\views.py changed, reloading. 266
2024-01-26 17:28:44,084 INFO Watching for file changes with StatReloader 668
2024-01-26 17:28:54,432 INFO E:\TODO-PROJECT\todo_project\todoapp\views.py changed, reloading. 266
2024-01-26 17:28:55,446 INFO Watching for file changes with StatReloader 668
2024-01-26 17:29:04,778 INFO E:\TODO-PROJECT\todo_project\todoapp\views.py changed, reloading. 266
2024-01-26 17:29:05,739 INFO Watching for file changes with StatReloader 668
2024-01-26 17:29:26,697 INFO E:\TODO-PROJECT\todo_project\todoapp\views.py changed, reloading. 266
2024-01-26 17:29:27,648 INFO Watching for file changes with StatReloader 668
2024-01-26 17:44:34,255 INFO E:\TODO-PROJECT\todo_project\todoapp\views.py changed, reloading. 266
2024-01-26 17:44:34,765 INFO Watching for file changes with StatReloader 668
2024-01-26 17:44:45,310 INFO E:\TODO-PROJECT\todo_project\todoapp\views.py changed, reloading. 266
2024-01-26 17:44:45,759 INFO Watching for file changes with StatReloader 668
2024-01-26 17:45:06,785 INFO E:\TODO-PROJECT\todo_project\todoapp\views.py changed, reloading. 266
2024-01-26 17:45:07,232 INFO Watching for file changes with StatReloader 668
2024-01-26 17:45:10,691 INFO E:\TODO-PROJECT\todo_project\todoapp\views.py changed, reloading. 266
2024-01-26 17:45:11,165 INFO Watching for file changes with StatReloader 668
2024-01-26 17:45:59,125 INFO E:\TODO-PROJECT\todo_project\todoapp\views.py changed, reloading. 266
2024-01-26 17:45:59,588 INFO Watching for file changes with StatReloader 668
2024-01-26 17:46:15,307 INFO E:\TODO-PROJECT\todo_project\todoapp\views.py changed, reloading. 266
2024-01-26 17:46:15,790 INFO Watching for file changes with StatReloader 668
2024-01-26 17:47:27,558 WARNING Not Found: /api/todoapp/student/1/edit/ 241
2024-01-26 17:47:27,558 WARNING "PUT /api/todoapp/student/1/edit/ HTTP/1.1" 404 3076 212
2024-01-26 17:47:28,659 WARNING Not Found: /api/todoapp/student/1/edit/ 241
2024-01-26 17:47:28,659 WARNING "PUT /api/todoapp/student/1/edit/ HTTP/1.1" 404 3076 212
2024-01-26 17:47:29,514 WARNING Not Found: /api/todoapp/student/1/edit/ 241
2024-01-26 17:47:29,514 WARNING "PUT /api/todoapp/student/1/edit/ HTTP/1.1" 404 3076 212
2024-01-26 21:00:57,284 INFO Watching for file changes with StatReloader 668
2024-01-26 21:05:08,690 INFO E:\TODO-PROJECT\todo_project\todoapp\views.py changed, reloading. 266
2024-01-26 21:05:09,597 INFO Watching for file changes with StatReloader 668
2024-01-26 21:07:20,399 INFO E:\TODO-PROJECT\todo_project\todoapp\views.py changed, reloading. 266
2024-01-26 21:07:21,262 INFO Watching for file changes with StatReloader 668
2024-01-26 21:07:23,999 INFO E:\TODO-PROJECT\todo_project\todoapp\views.py changed, reloading. 266
2024-01-26 21:07:24,867 INFO Watching for file changes with StatReloader 668
2024-01-26 21:07:27,618 INFO E:\TODO-PROJECT\todo_project\todoapp\views.py changed, reloading. 266
2024-01-26 21:07:28,548 INFO Watching for file changes with StatReloader 668
2024-01-26 21:07:31,270 INFO E:\TODO-PROJECT\todo_project\todoapp\views.py changed, reloading. 266
2024-01-26 21:07:32,141 INFO Watching for file changes with StatReloader 668
2024-01-26 21:07:33,921 INFO E:\TODO-PROJECT\todo_project\todoapp\views.py changed, reloading. 266
2024-01-26 21:07:34,795 INFO Watching for file changes with StatReloader 668
2024-01-26 21:07:36,493 INFO E:\TODO-PROJECT\todo_project\todoapp\views.py changed, reloading. 266
2024-01-26 21:07:37,500 INFO Watching for file changes with StatReloader 668
2024-01-26 21:07:40,241 INFO E:\TODO-PROJECT\todo_project\todoapp\views.py changed, reloading. 266
2024-01-26 21:07:41,095 INFO Watching for file changes with StatReloader 668
2024-01-26 21:07:46,991 INFO E:\TODO-PROJECT\todo_project\todoapp\views.py changed, reloading. 266
2024-01-26 21:07:47,862 INFO Watching for file changes with StatReloader 668
2024-01-26 21:08:14,992 INFO E:\TODO-PROJECT\todo_project\todoapp\views.py changed, reloading. 266
2024-01-26 21:08:15,929 INFO Watching for file changes with StatReloader 668
2024-01-26 21:08:19,548 INFO E:\TODO-PROJECT\todo_project\todoapp\views.py changed, reloading. 266
2024-01-26 21:08:20,491 INFO Watching for file changes with StatReloader 668
2024-01-26 21:08:49,391 INFO Watching for file changes with StatReloader 668
2024-01-26 21:09:53,680 WARNING Not Found: /api/todoapp/student/1/delete/ 241
2024-01-26 21:09:53,680 WARNING "DELETE /api/todoapp/student/1/delete/ HTTP/1.1" 404 3085 212
2024-01-26 21:12:55,119 WARNING Method Not Allowed: /api/todoapp/student/list/ 241
2024-01-26 21:12:55,119 WARNING "POST /api/todoapp/student/list/ HTTP/1.1" 405 41 212
2024-01-26 21:13:02,714 INFO "GET /api/todoapp/student/list/ HTTP/1.1" 200 754 212
2024-01-26 21:14:57,079 INFO "POST /api/todoapp/student/create/ HTTP/1.1" 201 55 212
2024-01-26 21:18:23,901 WARNING Not Found: /api/todoapp/student/2/delete/ 241
2024-01-26 21:18:23,901 WARNING "DELETE /api/todoapp/student/2/delete/ HTTP/1.1" 404 3085 212
2024-01-26 21:19:01,317 WARNING Not Found: / 241
2024-01-26 21:19:01,317 WARNING "GET / HTTP/1.1" 404 2289 212
2024-01-26 21:19:01,450 WARNING Not Found: /favicon.ico 241
2024-01-26 21:19:01,452 WARNING "GET /favicon.ico HTTP/1.1" 404 2340 212
2024-01-26 21:19:22,285 WARNING Not Found: /api/todoapp/student/2/delete/ 241
2024-01-26 21:19:22,285 WARNING "GET /api/todoapp/student/2/delete/ HTTP/1.1" 404 3082 212
2024-01-26 21:19:25,493 WARNING Not Found: /api/todoapp/student/2/delete/ 241
2024-01-26 21:19:25,493 WARNING "GET /api/todoapp/student/2/delete/ HTTP/1.1" 404 3082 212
2024-01-26 21:20:19,238 WARNING Method Not Allowed: /api/todoapp/student/<id>delete/ 241
2024-01-26 21:20:19,239 WARNING "GET /api/todoapp/student/%3Cid%3Edelete/ HTTP/1.1" 405 5204 212
2024-01-26 21:22:00,741 INFO "GET /api/todoapp/student/list/ HTTP/1.1" 200 927 212
2024-01-26 21:22:32,420 INFO "GET /api/todoapp/student/list/ HTTP/1.1" 200 927 212
2024-01-26 21:27:59,305 WARNING Method Not Allowed: /api/account/login/ 241
2024-01-26 21:27:59,306 WARNING "GET /api/account/login/ HTTP/1.1" 405 40 212
2024-01-26 21:28:09,740 INFO "POST /api/account/login/ HTTP/1.1" 200 131 212
2024-01-26 21:28:36,617 INFO "POST /api/account/login/ HTTP/1.1" 200 131 212
2024-01-26 21:29:15,953 INFO "POST /api/account/login/ HTTP/1.1" 200 483 212
2024-01-26 21:30:59,491 INFO E:\TODO-PROJECT\todo_project\todoapp\views.py changed, reloading. 266
2024-01-26 21:31:00,520 INFO Watching for file changes with StatReloader 668
2024-01-26 21:31:05,385 INFO E:\TODO-PROJECT\todo_project\todoapp\views.py changed, reloading. 266
2024-01-26 21:31:06,352 INFO Watching for file changes with StatReloader 668
2024-01-26 21:31:48,281 INFO E:\TODO-PROJECT\todo_project\todoapp\views.py changed, reloading. 266
2024-01-26 21:31:49,177 INFO Watching for file changes with StatReloader 668
2024-01-26 21:31:57,252 INFO E:\TODO-PROJECT\todo_project\todoapp\views.py changed, reloading. 266
2024-01-26 21:31:58,169 INFO Watching for file changes with StatReloader 668
2024-01-26 21:32:05,199 INFO E:\TODO-PROJECT\todo_project\todoapp\views.py changed, reloading. 266
2024-01-26 21:32:06,104 INFO Watching for file changes with StatReloader 668
2024-01-26 21:32:09,910 INFO E:\TODO-PROJECT\todo_project\todoapp\views.py changed, reloading. 266
2024-01-26 21:32:10,860 INFO Watching for file changes with StatReloader 668
2024-01-26 21:32:32,720 INFO E:\TODO-PROJECT\todo_project\todoapp\views.py changed, reloading. 266
2024-01-26 21:32:33,599 INFO Watching for file changes with StatReloader 668
2024-01-26 21:32:35,309 INFO E:\TODO-PROJECT\todo_project\todoapp\views.py changed, reloading. 266
2024-01-26 21:32:36,189 INFO Watching for file changes with StatReloader 668
2024-01-26 21:32:37,900 INFO E:\TODO-PROJECT\todo_project\todoapp\views.py changed, reloading. 266
2024-01-26 21:32:38,787 INFO Watching for file changes with StatReloader 668
2024-01-26 21:32:40,222 INFO E:\TODO-PROJECT\todo_project\todoapp\views.py changed, reloading. 266
2024-01-26 21:32:41,151 INFO Watching for file changes with StatReloader 668
2024-01-26 21:32:42,880 INFO E:\TODO-PROJECT\todo_project\todoapp\views.py changed, reloading. 266
2024-01-26 21:32:43,860 INFO Watching for file changes with StatReloader 668
2024-01-26 21:32:45,321 INFO E:\TODO-PROJECT\todo_project\todoapp\views.py changed, reloading. 266
2024-01-26 21:32:46,248 INFO Watching for file changes with StatReloader 668
2024-01-26 21:32:56,411 INFO E:\TODO-PROJECT\todo_project\todoapp\views.py changed, reloading. 266
2024-01-26 21:32:57,323 INFO Watching for file changes with StatReloader 668
2024-01-26 21:33:00,849 INFO E:\TODO-PROJECT\todo_project\todoapp\views.py changed, reloading. 266
2024-01-26 21:33:01,730 INFO Watching for file changes with StatReloader 668
2024-01-26 21:33:05,290 INFO E:\TODO-PROJECT\todo_project\todoapp\views.py changed, reloading. 266
2024-01-26 21:33:06,175 INFO Watching for file changes with StatReloader 668
2024-01-26 21:33:09,695 INFO E:\TODO-PROJECT\todo_project\todoapp\views.py changed, reloading. 266
2024-01-26 21:33:10,674 INFO Watching for file changes with StatReloader 668
2024-01-26 21:33:26,164 INFO E:\TODO-PROJECT\todo_project\todoapp\views.py changed, reloading. 266
2024-01-26 21:33:27,019 INFO Watching for file changes with StatReloader 668
2024-01-26 21:33:31,613 INFO E:\TODO-PROJECT\todo_project\todoapp\views.py changed, reloading. 266
2024-01-26 21:33:32,529 INFO Watching for file changes with StatReloader 668
2024-01-26 21:33:33,964 INFO E:\TODO-PROJECT\todo_project\todoapp\views.py changed, reloading. 266
2024-01-26 21:33:34,909 INFO Watching for file changes with StatReloader 668
2024-01-26 21:33:38,690 INFO E:\TODO-PROJECT\todo_project\todoapp\views.py changed, reloading. 266
2024-01-26 21:33:39,556 INFO Watching for file changes with StatReloader 668
2024-01-26 21:33:57,230 INFO E:\TODO-PROJECT\todo_project\todoapp\views.py changed, reloading. 266
2024-01-26 21:33:58,119 INFO Watching for file changes with StatReloader 668
2024-01-26 21:34:01,950 INFO E:\TODO-PROJECT\todo_project\todoapp\views.py changed, reloading. 266
2024-01-26 21:34:02,867 INFO Watching for file changes with StatReloader 668
2024-01-26 21:34:04,560 INFO E:\TODO-PROJECT\todo_project\todoapp\views.py changed, reloading. 266
2024-01-26 21:34:05,458 INFO Watching for file changes with StatReloader 668
2024-01-26 21:34:06,900 INFO E:\TODO-PROJECT\todo_project\todoapp\views.py changed, reloading. 266
2024-01-26 21:34:07,799 INFO Watching for file changes with StatReloader 668
2024-01-26 21:34:10,269 INFO E:\TODO-PROJECT\todo_project\todoapp\views.py changed, reloading. 266
2024-01-26 21:34:11,224 INFO Watching for file changes with StatReloader 668
2024-01-26 21:34:13,714 INFO E:\TODO-PROJECT\todo_project\todoapp\views.py changed, reloading. 266
2024-01-26 21:34:14,684 INFO Watching for file changes with StatReloader 668
2024-01-26 21:34:17,467 INFO E:\TODO-PROJECT\todo_project\todoapp\views.py changed, reloading. 266
2024-01-26 21:34:18,368 INFO Watching for file changes with StatReloader 668
2024-01-26 21:34:19,790 INFO E:\TODO-PROJECT\todo_project\todoapp\views.py changed, reloading. 266
2024-01-26 21:34:20,730 INFO Watching for file changes with StatReloader 668
2024-01-26 21:34:25,591 INFO E:\TODO-PROJECT\todo_project\todoapp\views.py changed, reloading. 266
2024-01-26 21:34:26,475 INFO Watching for file changes with StatReloader 668
2024-01-26 21:34:32,138 INFO E:\TODO-PROJECT\todo_project\todoapp\views.py changed, reloading. 266
2024-01-26 21:34:33,151 INFO Watching for file changes with StatReloader 668
2024-01-26 21:34:41,220 INFO E:\TODO-PROJECT\todo_project\todoapp\views.py changed, reloading. 266
2024-01-26 21:34:42,171 INFO Watching for file changes with StatReloader 668
2024-01-26 21:34:58,443 INFO E:\TODO-PROJECT\todo_project\todoapp\views.py changed, reloading. 266
2024-01-26 21:34:59,410 INFO Watching for file changes with StatReloader 668
2024-01-26 21:35:17,040 INFO E:\TODO-PROJECT\todo_project\todoapp\views.py changed, reloading. 266
2024-01-26 21:35:17,923 INFO Watching for file changes with StatReloader 668
2024-01-26 21:35:19,626 INFO E:\TODO-PROJECT\todo_project\todoapp\views.py changed, reloading. 266
2024-01-26 21:35:20,511 INFO Watching for file changes with StatReloader 668
2024-01-26 21:37:14,699 INFO E:\TODO-PROJECT\todo_project\todoapp\views.py changed, reloading. 266
2024-01-26 21:37:15,597 INFO Watching for file changes with StatReloader 668
2024-01-26 21:37:32,040 INFO Watching for file changes with StatReloader 668
2024-01-26 21:37:52,812 INFO E:\TODO-PROJECT\todo_project\todoapp\urls.py changed, reloading. 266
2024-01-26 21:37:53,358 INFO E:\TODO-PROJECT\todo_project\todoapp\urls.py changed, reloading. 266
2024-01-26 21:37:53,702 INFO Watching for file changes with StatReloader 668
2024-01-26 21:37:54,340 INFO Watching for file changes with StatReloader 668
2024-01-26 21:38:05,130 WARNING Not Found: /api/todoapp/student/2/delete/ 241
2024-01-26 21:38:05,130 WARNING "DELETE /api/todoapp/student/2/delete/ HTTP/1.1" 404 2882 212
2024-01-26 21:38:06,274 WARNING Not Found: /api/todoapp/student/2/delete/ 241
2024-01-26 21:38:06,274 WARNING "DELETE /api/todoapp/student/2/delete/ HTTP/1.1" 404 2882 212
2024-01-26 21:38:06,717 WARNING Not Found: /api/todoapp/student/2/delete/ 241
2024-01-26 21:38:06,717 WARNING "DELETE /api/todoapp/student/2/delete/ HTTP/1.1" 404 2882 212
2024-01-26 21:38:07,692 WARNING Not Found: /api/todoapp/student/2/delete/ 241
2024-01-26 21:38:07,693 WARNING "DELETE /api/todoapp/student/2/delete/ HTTP/1.1" 404 2882 212
2024-01-26 21:41:17,449 WARNING Not Found: /api/todoapp/student/2/delete/ 241
2024-01-26 21:41:17,449 WARNING "DELETE /api/todoapp/student/2/delete/ HTTP/1.1" 404 2882 212
2024-01-26 21:41:19,779 WARNING Not Found: /api/todoapp/student/2/delete/ 241
2024-01-26 21:41:19,779 WARNING "DELETE /api/todoapp/student/2/delete/ HTTP/1.1" 404 2882 212
2024-01-26 21:41:20,231 WARNING Not Found: /api/todoapp/student/2/delete/ 241
2024-01-26 21:41:20,231 WARNING "DELETE /api/todoapp/student/2/delete/ HTTP/1.1" 404 2882 212
2024-01-26 21:45:52,713 INFO E:\TODO-PROJECT\todo_project\account\views.py changed, reloading. 266
2024-01-26 21:45:53,011 INFO E:\TODO-PROJECT\todo_project\account\views.py changed, reloading. 266
2024-01-26 21:45:53,748 INFO Watching for file changes with StatReloader 668
2024-01-26 21:45:54,004 INFO Watching for file changes with StatReloader 668
2024-01-26 21:46:03,975 INFO E:\TODO-PROJECT\todo_project\account\views.py changed, reloading. 266
2024-01-26 21:46:04,236 INFO E:\TODO-PROJECT\todo_project\account\views.py changed, reloading. 266
2024-01-26 21:46:04,950 INFO Watching for file changes with StatReloader 668
2024-01-26 21:46:05,230 INFO Watching for file changes with StatReloader 668
2024-01-26 21:46:07,550 INFO E:\TODO-PROJECT\todo_project\account\views.py changed, reloading. 266
2024-01-26 21:46:07,681 INFO E:\TODO-PROJECT\todo_project\account\views.py changed, reloading. 266
2024-01-26 21:46:08,503 INFO Watching for file changes with StatReloader 668
2024-01-26 21:46:08,658 INFO Watching for file changes with StatReloader 668
2024-01-26 21:46:09,936 INFO E:\TODO-PROJECT\todo_project\account\views.py changed, reloading. 266
2024-01-26 21:46:10,048 INFO E:\TODO-PROJECT\todo_project\account\views.py changed, reloading. 266
2024-01-26 21:46:10,906 INFO Watching for file changes with StatReloader 668
2024-01-26 21:46:11,037 INFO Watching for file changes with StatReloader 668
2024-01-26 21:46:57,954 INFO E:\TODO-PROJECT\todo_project\account\views.py changed, reloading. 266
2024-01-26 21:46:58,019 INFO E:\TODO-PROJECT\todo_project\account\views.py changed, reloading. 266
2024-01-26 21:46:59,054 INFO Watching for file changes with StatReloader 668
2024-01-26 21:46:59,188 INFO Watching for file changes with StatReloader 668
2024-01-28 20:59:53,941 INFO Watching for file changes with StatReloader 668
2024-01-28 21:13:40,305 INFO E:\TODO-PROJECT\todo_project\todoapp\views.py changed, reloading. 266
2024-01-28 21:13:40,839 INFO Watching for file changes with StatReloader 668
2024-01-28 21:13:43,196 INFO E:\TODO-PROJECT\todo_project\todoapp\views.py changed, reloading. 266
2024-01-28 21:13:43,780 INFO Watching for file changes with StatReloader 668
2024-01-28 21:14:08,015 INFO E:\TODO-PROJECT\todo_project\todoapp\views.py changed, reloading. 266
2024-01-28 21:14:08,602 INFO Watching for file changes with StatReloader 668
2024-01-28 21:14:43,559 INFO E:\TODO-PROJECT\todo_project\todoapp\views.py changed, reloading. 266
2024-01-28 21:14:44,185 INFO Watching for file changes with StatReloader 668
2024-01-28 21:15:13,592 INFO E:\TODO-PROJECT\todo_project\todoapp\views.py changed, reloading. 266
2024-01-28 21:15:14,126 INFO Watching for file changes with StatReloader 668
2024-01-28 21:15:15,423 INFO E:\TODO-PROJECT\todo_project\todoapp\views.py changed, reloading. 266
2024-01-28 21:15:16,026 INFO Watching for file changes with StatReloader 668
2024-01-28 21:15:17,344 INFO E:\TODO-PROJECT\todo_project\todoapp\views.py changed, reloading. 266
2024-01-28 21:15:17,872 INFO Watching for file changes with StatReloader 668
2024-01-28 21:15:29,566 INFO E:\TODO-PROJECT\todo_project\todoapp\views.py changed, reloading. 266
2024-01-28 21:15:30,119 INFO Watching for file changes with StatReloader 668
2024-01-28 21:28:52,155 INFO E:\TODO-PROJECT\todo_project\todoapp\views.py changed, reloading. 266
2024-01-28 21:28:52,689 INFO Watching for file changes with StatReloader 668
2024-01-28 21:29:09,658 INFO E:\TODO-PROJECT\todo_project\todoapp\views.py changed, reloading. 266
2024-01-28 21:29:10,202 INFO Watching for file changes with StatReloader 668
2024-01-28 21:29:22,994 INFO E:\TODO-PROJECT\todo_project\todoapp\views.py changed, reloading. 266
2024-01-28 21:29:23,528 INFO Watching for file changes with StatReloader 668
2024-01-29 10:41:02,207 INFO Watching for file changes with StatReloader 668
2024-01-29 10:43:15,893 INFO E:\TODO-PROJECT\todo_project\todoapp\urls.py changed, reloading. 266
2024-01-29 10:43:16,456 INFO Watching for file changes with StatReloader 668
2024-01-29 10:43:17,699 INFO E:\TODO-PROJECT\todo_project\todoapp\urls.py changed, reloading. 266
2024-01-29 10:43:18,134 INFO Watching for file changes with StatReloader 668
2024-01-29 10:43:22,580 INFO E:\TODO-PROJECT\todo_project\todoapp\urls.py changed, reloading. 266
2024-01-29 10:43:23,058 INFO Watching for file changes with StatReloader 668
2024-01-29 10:43:38,771 INFO E:\TODO-PROJECT\todo_project\todoapp\urls.py changed, reloading. 266
2024-01-29 10:43:39,214 INFO Watching for file changes with StatReloader 668
2024-01-29 10:45:41,234 INFO Watching for file changes with StatReloader 668
2024-01-29 10:48:32,879 WARNING Not Found: /api/todoapp/student/2/delete/ 241
2024-01-29 10:48:32,879 WARNING "DELETE /api/todoapp/student/2/delete/ HTTP/1.1" 404 3085 212
2024-01-29 10:48:48,061 WARNING Not Found: /api/todoapp/student/2/delete/ 241
2024-01-29 10:48:48,062 WARNING "PUT /api/todoapp/student/2/delete/ HTTP/1.1" 404 3082 212
2024-01-29 10:48:52,703 WARNING Not Found: /api/todoapp/student/2/delete/ 241
2024-01-29 10:48:52,703 WARNING "POST /api/todoapp/student/2/delete/ HTTP/1.1" 404 3083 212
2024-01-29 10:49:32,180 WARNING Not Found: /api/todoapp/student/2/delete/ 241
2024-01-29 10:49:32,180 WARNING "POST /api/todoapp/student/2/delete/ HTTP/1.1" 404 3083 212
2024-01-29 10:49:33,242 WARNING Not Found: /api/todoapp/student/2/delete/ 241
2024-01-29 10:49:33,242 WARNING "POST /api/todoapp/student/2/delete/ HTTP/1.1" 404 3083 212
2024-01-29 10:50:00,754 INFO Watching for file changes with StatReloader 668
2024-01-29 10:50:13,696 INFO Watching for file changes with StatReloader 668
2024-01-29 10:52:01,117 ERROR Internal Server Error: /api/todoapp/student/list/ 241
Traceback (most recent call last):
  File "E:\TODO-PROJECT\venv\Lib\site-packages\rest_framework\authentication.py", line 201, in authenticate_credentials
    token = model.objects.select_related('user').get(key=key)
            ^^^^^^^^^^^^^
AttributeError: type object 'Token' has no attribute 'objects'

During handling of the above exception, another exception occurred:

Traceback (most recent call last):
  File "E:\TODO-PROJECT\venv\Lib\site-packages\rest_framework\request.py", line 74, in wrap_attributeerrors
    yield
  File "E:\TODO-PROJECT\venv\Lib\site-packages\rest_framework\request.py", line 227, in user
    self._authenticate()
  File "E:\TODO-PROJECT\venv\Lib\site-packages\rest_framework\request.py", line 380, in _authenticate
    user_auth_tuple = authenticator.authenticate(self)
                      ^^^^^^^^^^^^^^^^^^^^^^^^^^^^^^^^
  File "E:\TODO-PROJECT\venv\Lib\site-packages\rest_framework\authentication.py", line 196, in authenticate
    return self.authenticate_credentials(token)
           ^^^^^^^^^^^^^^^^^^^^^^^^^^^^^^^^^^^^
  File "E:\TODO-PROJECT\venv\Lib\site-packages\rest_framework\authentication.py", line 202, in authenticate_credentials
    except model.DoesNotExist:
           ^^^^^^^^^^^^^^^^^^
AttributeError: type object 'Token' has no attribute 'DoesNotExist'

During handling of the above exception, another exception occurred:

Traceback (most recent call last):
  File "E:\TODO-PROJECT\venv\Lib\site-packages\django\core\handlers\exception.py", line 55, in inner
    response = get_response(request)
               ^^^^^^^^^^^^^^^^^^^^^
  File "E:\TODO-PROJECT\venv\Lib\site-packages\django\core\handlers\base.py", line 197, in _get_response
    response = wrapped_callback(request, *callback_args, **callback_kwargs)
               ^^^^^^^^^^^^^^^^^^^^^^^^^^^^^^^^^^^^^^^^^^^^^^^^^^^^^^^^^^^^
  File "E:\TODO-PROJECT\venv\Lib\site-packages\django\views\decorators\csrf.py", line 65, in _view_wrapper
    return view_func(request, *args, **kwargs)
           ^^^^^^^^^^^^^^^^^^^^^^^^^^^^^^^^^^^
  File "E:\TODO-PROJECT\venv\Lib\site-packages\django\views\generic\base.py", line 104, in view
    return self.dispatch(request, *args, **kwargs)
           ^^^^^^^^^^^^^^^^^^^^^^^^^^^^^^^^^^^^^^^
  File "E:\TODO-PROJECT\venv\Lib\site-packages\rest_framework\views.py", line 509, in dispatch
    response = self.handle_exception(exc)
               ^^^^^^^^^^^^^^^^^^^^^^^^^^
  File "E:\TODO-PROJECT\venv\Lib\site-packages\rest_framework\views.py", line 469, in handle_exception
    self.raise_uncaught_exception(exc)
  File "E:\TODO-PROJECT\venv\Lib\site-packages\rest_framework\views.py", line 480, in raise_uncaught_exception
    raise exc
  File "E:\TODO-PROJECT\venv\Lib\site-packages\rest_framework\views.py", line 497, in dispatch
    self.initial(request, *args, **kwargs)
  File "E:\TODO-PROJECT\venv\Lib\site-packages\rest_framework\views.py", line 414, in initial
    self.perform_authentication(request)
  File "E:\TODO-PROJECT\venv\Lib\site-packages\rest_framework\views.py", line 324, in perform_authentication
    request.user
  File "E:\TODO-PROJECT\venv\Lib\site-packages\rest_framework\request.py", line 226, in user
    with wrap_attributeerrors():
  File "C:\Users\N I T R O 5\AppData\Local\Programs\Python\Python312\Lib\contextlib.py", line 155, in __exit__
    self.gen.throw(value)
  File "E:\TODO-PROJECT\venv\Lib\site-packages\rest_framework\request.py", line 78, in wrap_attributeerrors
    raise exc.with_traceback(info[2])
  File "E:\TODO-PROJECT\venv\Lib\site-packages\rest_framework\request.py", line 74, in wrap_attributeerrors
    yield
  File "E:\TODO-PROJECT\venv\Lib\site-packages\rest_framework\request.py", line 227, in user
    self._authenticate()
  File "E:\TODO-PROJECT\venv\Lib\site-packages\rest_framework\request.py", line 380, in _authenticate
    user_auth_tuple = authenticator.authenticate(self)
                      ^^^^^^^^^^^^^^^^^^^^^^^^^^^^^^^^
  File "E:\TODO-PROJECT\venv\Lib\site-packages\rest_framework\authentication.py", line 196, in authenticate
    return self.authenticate_credentials(token)
           ^^^^^^^^^^^^^^^^^^^^^^^^^^^^^^^^^^^^
  File "E:\TODO-PROJECT\venv\Lib\site-packages\rest_framework\authentication.py", line 202, in authenticate_credentials
    except model.DoesNotExist:
           ^^^^^^^^^^^^^^^^^^
rest_framework.request.WrappedAttributeError: type object 'Token' has no attribute 'DoesNotExist'
2024-01-29 10:52:01,120 ERROR "PUT /api/todoapp/student/list/ HTTP/1.1" 500 156155 212
2024-01-29 10:52:04,287 ERROR Internal Server Error: /api/todoapp/student/list/ 241
Traceback (most recent call last):
  File "E:\TODO-PROJECT\venv\Lib\site-packages\rest_framework\authentication.py", line 201, in authenticate_credentials
    token = model.objects.select_related('user').get(key=key)
            ^^^^^^^^^^^^^
AttributeError: type object 'Token' has no attribute 'objects'

During handling of the above exception, another exception occurred:

Traceback (most recent call last):
  File "E:\TODO-PROJECT\venv\Lib\site-packages\rest_framework\request.py", line 74, in wrap_attributeerrors
    yield
  File "E:\TODO-PROJECT\venv\Lib\site-packages\rest_framework\request.py", line 227, in user
    self._authenticate()
  File "E:\TODO-PROJECT\venv\Lib\site-packages\rest_framework\request.py", line 380, in _authenticate
    user_auth_tuple = authenticator.authenticate(self)
                      ^^^^^^^^^^^^^^^^^^^^^^^^^^^^^^^^
  File "E:\TODO-PROJECT\venv\Lib\site-packages\rest_framework\authentication.py", line 196, in authenticate
    return self.authenticate_credentials(token)
           ^^^^^^^^^^^^^^^^^^^^^^^^^^^^^^^^^^^^
  File "E:\TODO-PROJECT\venv\Lib\site-packages\rest_framework\authentication.py", line 202, in authenticate_credentials
    except model.DoesNotExist:
           ^^^^^^^^^^^^^^^^^^
AttributeError: type object 'Token' has no attribute 'DoesNotExist'

During handling of the above exception, another exception occurred:

Traceback (most recent call last):
  File "E:\TODO-PROJECT\venv\Lib\site-packages\django\core\handlers\exception.py", line 55, in inner
    response = get_response(request)
               ^^^^^^^^^^^^^^^^^^^^^
  File "E:\TODO-PROJECT\venv\Lib\site-packages\django\core\handlers\base.py", line 197, in _get_response
    response = wrapped_callback(request, *callback_args, **callback_kwargs)
               ^^^^^^^^^^^^^^^^^^^^^^^^^^^^^^^^^^^^^^^^^^^^^^^^^^^^^^^^^^^^
  File "E:\TODO-PROJECT\venv\Lib\site-packages\django\views\decorators\csrf.py", line 65, in _view_wrapper
    return view_func(request, *args, **kwargs)
           ^^^^^^^^^^^^^^^^^^^^^^^^^^^^^^^^^^^
  File "E:\TODO-PROJECT\venv\Lib\site-packages\django\views\generic\base.py", line 104, in view
    return self.dispatch(request, *args, **kwargs)
           ^^^^^^^^^^^^^^^^^^^^^^^^^^^^^^^^^^^^^^^
  File "E:\TODO-PROJECT\venv\Lib\site-packages\rest_framework\views.py", line 509, in dispatch
    response = self.handle_exception(exc)
               ^^^^^^^^^^^^^^^^^^^^^^^^^^
  File "E:\TODO-PROJECT\venv\Lib\site-packages\rest_framework\views.py", line 469, in handle_exception
    self.raise_uncaught_exception(exc)
  File "E:\TODO-PROJECT\venv\Lib\site-packages\rest_framework\views.py", line 480, in raise_uncaught_exception
    raise exc
  File "E:\TODO-PROJECT\venv\Lib\site-packages\rest_framework\views.py", line 497, in dispatch
    self.initial(request, *args, **kwargs)
  File "E:\TODO-PROJECT\venv\Lib\site-packages\rest_framework\views.py", line 414, in initial
    self.perform_authentication(request)
  File "E:\TODO-PROJECT\venv\Lib\site-packages\rest_framework\views.py", line 324, in perform_authentication
    request.user
  File "E:\TODO-PROJECT\venv\Lib\site-packages\rest_framework\request.py", line 226, in user
    with wrap_attributeerrors():
  File "C:\Users\N I T R O 5\AppData\Local\Programs\Python\Python312\Lib\contextlib.py", line 155, in __exit__
    self.gen.throw(value)
  File "E:\TODO-PROJECT\venv\Lib\site-packages\rest_framework\request.py", line 78, in wrap_attributeerrors
    raise exc.with_traceback(info[2])
  File "E:\TODO-PROJECT\venv\Lib\site-packages\rest_framework\request.py", line 74, in wrap_attributeerrors
    yield
  File "E:\TODO-PROJECT\venv\Lib\site-packages\rest_framework\request.py", line 227, in user
    self._authenticate()
  File "E:\TODO-PROJECT\venv\Lib\site-packages\rest_framework\request.py", line 380, in _authenticate
    user_auth_tuple = authenticator.authenticate(self)
                      ^^^^^^^^^^^^^^^^^^^^^^^^^^^^^^^^
  File "E:\TODO-PROJECT\venv\Lib\site-packages\rest_framework\authentication.py", line 196, in authenticate
    return self.authenticate_credentials(token)
           ^^^^^^^^^^^^^^^^^^^^^^^^^^^^^^^^^^^^
  File "E:\TODO-PROJECT\venv\Lib\site-packages\rest_framework\authentication.py", line 202, in authenticate_credentials
    except model.DoesNotExist:
           ^^^^^^^^^^^^^^^^^^
rest_framework.request.WrappedAttributeError: type object 'Token' has no attribute 'DoesNotExist'
2024-01-29 10:52:04,290 ERROR "PUT /api/todoapp/student/list/ HTTP/1.1" 500 156155 212
2024-01-29 10:52:11,245 ERROR Internal Server Error: /api/todoapp/student/list/ 241
Traceback (most recent call last):
  File "E:\TODO-PROJECT\venv\Lib\site-packages\rest_framework\authentication.py", line 201, in authenticate_credentials
    token = model.objects.select_related('user').get(key=key)
            ^^^^^^^^^^^^^
AttributeError: type object 'Token' has no attribute 'objects'

During handling of the above exception, another exception occurred:

Traceback (most recent call last):
  File "E:\TODO-PROJECT\venv\Lib\site-packages\rest_framework\request.py", line 74, in wrap_attributeerrors
    yield
  File "E:\TODO-PROJECT\venv\Lib\site-packages\rest_framework\request.py", line 227, in user
    self._authenticate()
  File "E:\TODO-PROJECT\venv\Lib\site-packages\rest_framework\request.py", line 380, in _authenticate
    user_auth_tuple = authenticator.authenticate(self)
                      ^^^^^^^^^^^^^^^^^^^^^^^^^^^^^^^^
  File "E:\TODO-PROJECT\venv\Lib\site-packages\rest_framework\authentication.py", line 196, in authenticate
    return self.authenticate_credentials(token)
           ^^^^^^^^^^^^^^^^^^^^^^^^^^^^^^^^^^^^
  File "E:\TODO-PROJECT\venv\Lib\site-packages\rest_framework\authentication.py", line 202, in authenticate_credentials
    except model.DoesNotExist:
           ^^^^^^^^^^^^^^^^^^
AttributeError: type object 'Token' has no attribute 'DoesNotExist'

During handling of the above exception, another exception occurred:

Traceback (most recent call last):
  File "E:\TODO-PROJECT\venv\Lib\site-packages\django\core\handlers\exception.py", line 55, in inner
    response = get_response(request)
               ^^^^^^^^^^^^^^^^^^^^^
  File "E:\TODO-PROJECT\venv\Lib\site-packages\django\core\handlers\base.py", line 197, in _get_response
    response = wrapped_callback(request, *callback_args, **callback_kwargs)
               ^^^^^^^^^^^^^^^^^^^^^^^^^^^^^^^^^^^^^^^^^^^^^^^^^^^^^^^^^^^^
  File "E:\TODO-PROJECT\venv\Lib\site-packages\django\views\decorators\csrf.py", line 65, in _view_wrapper
    return view_func(request, *args, **kwargs)
           ^^^^^^^^^^^^^^^^^^^^^^^^^^^^^^^^^^^
  File "E:\TODO-PROJECT\venv\Lib\site-packages\django\views\generic\base.py", line 104, in view
    return self.dispatch(request, *args, **kwargs)
           ^^^^^^^^^^^^^^^^^^^^^^^^^^^^^^^^^^^^^^^
  File "E:\TODO-PROJECT\venv\Lib\site-packages\rest_framework\views.py", line 509, in dispatch
    response = self.handle_exception(exc)
               ^^^^^^^^^^^^^^^^^^^^^^^^^^
  File "E:\TODO-PROJECT\venv\Lib\site-packages\rest_framework\views.py", line 469, in handle_exception
    self.raise_uncaught_exception(exc)
  File "E:\TODO-PROJECT\venv\Lib\site-packages\rest_framework\views.py", line 480, in raise_uncaught_exception
    raise exc
  File "E:\TODO-PROJECT\venv\Lib\site-packages\rest_framework\views.py", line 497, in dispatch
    self.initial(request, *args, **kwargs)
  File "E:\TODO-PROJECT\venv\Lib\site-packages\rest_framework\views.py", line 414, in initial
    self.perform_authentication(request)
  File "E:\TODO-PROJECT\venv\Lib\site-packages\rest_framework\views.py", line 324, in perform_authentication
    request.user
  File "E:\TODO-PROJECT\venv\Lib\site-packages\rest_framework\request.py", line 226, in user
    with wrap_attributeerrors():
  File "C:\Users\N I T R O 5\AppData\Local\Programs\Python\Python312\Lib\contextlib.py", line 155, in __exit__
    self.gen.throw(value)
  File "E:\TODO-PROJECT\venv\Lib\site-packages\rest_framework\request.py", line 78, in wrap_attributeerrors
    raise exc.with_traceback(info[2])
  File "E:\TODO-PROJECT\venv\Lib\site-packages\rest_framework\request.py", line 74, in wrap_attributeerrors
    yield
  File "E:\TODO-PROJECT\venv\Lib\site-packages\rest_framework\request.py", line 227, in user
    self._authenticate()
  File "E:\TODO-PROJECT\venv\Lib\site-packages\rest_framework\request.py", line 380, in _authenticate
    user_auth_tuple = authenticator.authenticate(self)
                      ^^^^^^^^^^^^^^^^^^^^^^^^^^^^^^^^
  File "E:\TODO-PROJECT\venv\Lib\site-packages\rest_framework\authentication.py", line 196, in authenticate
    return self.authenticate_credentials(token)
           ^^^^^^^^^^^^^^^^^^^^^^^^^^^^^^^^^^^^
  File "E:\TODO-PROJECT\venv\Lib\site-packages\rest_framework\authentication.py", line 202, in authenticate_credentials
    except model.DoesNotExist:
           ^^^^^^^^^^^^^^^^^^
rest_framework.request.WrappedAttributeError: type object 'Token' has no attribute 'DoesNotExist'
2024-01-29 10:52:11,248 ERROR "POST /api/todoapp/student/list/ HTTP/1.1" 500 156175 212
2024-01-29 10:52:18,027 ERROR Internal Server Error: /api/todoapp/student/list/ 241
Traceback (most recent call last):
  File "E:\TODO-PROJECT\venv\Lib\site-packages\rest_framework\authentication.py", line 201, in authenticate_credentials
    token = model.objects.select_related('user').get(key=key)
            ^^^^^^^^^^^^^
AttributeError: type object 'Token' has no attribute 'objects'

During handling of the above exception, another exception occurred:

Traceback (most recent call last):
  File "E:\TODO-PROJECT\venv\Lib\site-packages\rest_framework\request.py", line 74, in wrap_attributeerrors
    yield
  File "E:\TODO-PROJECT\venv\Lib\site-packages\rest_framework\request.py", line 227, in user
    self._authenticate()
  File "E:\TODO-PROJECT\venv\Lib\site-packages\rest_framework\request.py", line 380, in _authenticate
    user_auth_tuple = authenticator.authenticate(self)
                      ^^^^^^^^^^^^^^^^^^^^^^^^^^^^^^^^
  File "E:\TODO-PROJECT\venv\Lib\site-packages\rest_framework\authentication.py", line 196, in authenticate
    return self.authenticate_credentials(token)
           ^^^^^^^^^^^^^^^^^^^^^^^^^^^^^^^^^^^^
  File "E:\TODO-PROJECT\venv\Lib\site-packages\rest_framework\authentication.py", line 202, in authenticate_credentials
    except model.DoesNotExist:
           ^^^^^^^^^^^^^^^^^^
AttributeError: type object 'Token' has no attribute 'DoesNotExist'

During handling of the above exception, another exception occurred:

Traceback (most recent call last):
  File "E:\TODO-PROJECT\venv\Lib\site-packages\django\core\handlers\exception.py", line 55, in inner
    response = get_response(request)
               ^^^^^^^^^^^^^^^^^^^^^
  File "E:\TODO-PROJECT\venv\Lib\site-packages\django\core\handlers\base.py", line 197, in _get_response
    response = wrapped_callback(request, *callback_args, **callback_kwargs)
               ^^^^^^^^^^^^^^^^^^^^^^^^^^^^^^^^^^^^^^^^^^^^^^^^^^^^^^^^^^^^
  File "E:\TODO-PROJECT\venv\Lib\site-packages\django\views\decorators\csrf.py", line 65, in _view_wrapper
    return view_func(request, *args, **kwargs)
           ^^^^^^^^^^^^^^^^^^^^^^^^^^^^^^^^^^^
  File "E:\TODO-PROJECT\venv\Lib\site-packages\django\views\generic\base.py", line 104, in view
    return self.dispatch(request, *args, **kwargs)
           ^^^^^^^^^^^^^^^^^^^^^^^^^^^^^^^^^^^^^^^
  File "E:\TODO-PROJECT\venv\Lib\site-packages\rest_framework\views.py", line 509, in dispatch
    response = self.handle_exception(exc)
               ^^^^^^^^^^^^^^^^^^^^^^^^^^
  File "E:\TODO-PROJECT\venv\Lib\site-packages\rest_framework\views.py", line 469, in handle_exception
    self.raise_uncaught_exception(exc)
  File "E:\TODO-PROJECT\venv\Lib\site-packages\rest_framework\views.py", line 480, in raise_uncaught_exception
    raise exc
  File "E:\TODO-PROJECT\venv\Lib\site-packages\rest_framework\views.py", line 497, in dispatch
    self.initial(request, *args, **kwargs)
  File "E:\TODO-PROJECT\venv\Lib\site-packages\rest_framework\views.py", line 414, in initial
    self.perform_authentication(request)
  File "E:\TODO-PROJECT\venv\Lib\site-packages\rest_framework\views.py", line 324, in perform_authentication
    request.user
  File "E:\TODO-PROJECT\venv\Lib\site-packages\rest_framework\request.py", line 226, in user
    with wrap_attributeerrors():
  File "C:\Users\N I T R O 5\AppData\Local\Programs\Python\Python312\Lib\contextlib.py", line 155, in __exit__
    self.gen.throw(value)
  File "E:\TODO-PROJECT\venv\Lib\site-packages\rest_framework\request.py", line 78, in wrap_attributeerrors
    raise exc.with_traceback(info[2])
  File "E:\TODO-PROJECT\venv\Lib\site-packages\rest_framework\request.py", line 74, in wrap_attributeerrors
    yield
  File "E:\TODO-PROJECT\venv\Lib\site-packages\rest_framework\request.py", line 227, in user
    self._authenticate()
  File "E:\TODO-PROJECT\venv\Lib\site-packages\rest_framework\request.py", line 380, in _authenticate
    user_auth_tuple = authenticator.authenticate(self)
                      ^^^^^^^^^^^^^^^^^^^^^^^^^^^^^^^^
  File "E:\TODO-PROJECT\venv\Lib\site-packages\rest_framework\authentication.py", line 196, in authenticate
    return self.authenticate_credentials(token)
           ^^^^^^^^^^^^^^^^^^^^^^^^^^^^^^^^^^^^
  File "E:\TODO-PROJECT\venv\Lib\site-packages\rest_framework\authentication.py", line 202, in authenticate_credentials
    except model.DoesNotExist:
           ^^^^^^^^^^^^^^^^^^
rest_framework.request.WrappedAttributeError: type object 'Token' has no attribute 'DoesNotExist'
2024-01-29 10:52:18,030 ERROR "POST /api/todoapp/student/list/ HTTP/1.1" 500 156175 212
2024-01-29 10:52:21,978 ERROR Internal Server Error: /api/todoapp/student/list/ 241
Traceback (most recent call last):
  File "E:\TODO-PROJECT\venv\Lib\site-packages\rest_framework\authentication.py", line 201, in authenticate_credentials
    token = model.objects.select_related('user').get(key=key)
            ^^^^^^^^^^^^^
AttributeError: type object 'Token' has no attribute 'objects'

During handling of the above exception, another exception occurred:

Traceback (most recent call last):
  File "E:\TODO-PROJECT\venv\Lib\site-packages\rest_framework\request.py", line 74, in wrap_attributeerrors
    yield
  File "E:\TODO-PROJECT\venv\Lib\site-packages\rest_framework\request.py", line 227, in user
    self._authenticate()
  File "E:\TODO-PROJECT\venv\Lib\site-packages\rest_framework\request.py", line 380, in _authenticate
    user_auth_tuple = authenticator.authenticate(self)
                      ^^^^^^^^^^^^^^^^^^^^^^^^^^^^^^^^
  File "E:\TODO-PROJECT\venv\Lib\site-packages\rest_framework\authentication.py", line 196, in authenticate
    return self.authenticate_credentials(token)
           ^^^^^^^^^^^^^^^^^^^^^^^^^^^^^^^^^^^^
  File "E:\TODO-PROJECT\venv\Lib\site-packages\rest_framework\authentication.py", line 202, in authenticate_credentials
    except model.DoesNotExist:
           ^^^^^^^^^^^^^^^^^^
AttributeError: type object 'Token' has no attribute 'DoesNotExist'

During handling of the above exception, another exception occurred:

Traceback (most recent call last):
  File "E:\TODO-PROJECT\venv\Lib\site-packages\django\core\handlers\exception.py", line 55, in inner
    response = get_response(request)
               ^^^^^^^^^^^^^^^^^^^^^
  File "E:\TODO-PROJECT\venv\Lib\site-packages\django\core\handlers\base.py", line 197, in _get_response
    response = wrapped_callback(request, *callback_args, **callback_kwargs)
               ^^^^^^^^^^^^^^^^^^^^^^^^^^^^^^^^^^^^^^^^^^^^^^^^^^^^^^^^^^^^
  File "E:\TODO-PROJECT\venv\Lib\site-packages\django\views\decorators\csrf.py", line 65, in _view_wrapper
    return view_func(request, *args, **kwargs)
           ^^^^^^^^^^^^^^^^^^^^^^^^^^^^^^^^^^^
  File "E:\TODO-PROJECT\venv\Lib\site-packages\django\views\generic\base.py", line 104, in view
    return self.dispatch(request, *args, **kwargs)
           ^^^^^^^^^^^^^^^^^^^^^^^^^^^^^^^^^^^^^^^
  File "E:\TODO-PROJECT\venv\Lib\site-packages\rest_framework\views.py", line 509, in dispatch
    response = self.handle_exception(exc)
               ^^^^^^^^^^^^^^^^^^^^^^^^^^
  File "E:\TODO-PROJECT\venv\Lib\site-packages\rest_framework\views.py", line 469, in handle_exception
    self.raise_uncaught_exception(exc)
  File "E:\TODO-PROJECT\venv\Lib\site-packages\rest_framework\views.py", line 480, in raise_uncaught_exception
    raise exc
  File "E:\TODO-PROJECT\venv\Lib\site-packages\rest_framework\views.py", line 497, in dispatch
    self.initial(request, *args, **kwargs)
  File "E:\TODO-PROJECT\venv\Lib\site-packages\rest_framework\views.py", line 414, in initial
    self.perform_authentication(request)
  File "E:\TODO-PROJECT\venv\Lib\site-packages\rest_framework\views.py", line 324, in perform_authentication
    request.user
  File "E:\TODO-PROJECT\venv\Lib\site-packages\rest_framework\request.py", line 226, in user
    with wrap_attributeerrors():
  File "C:\Users\N I T R O 5\AppData\Local\Programs\Python\Python312\Lib\contextlib.py", line 155, in __exit__
    self.gen.throw(value)
  File "E:\TODO-PROJECT\venv\Lib\site-packages\rest_framework\request.py", line 78, in wrap_attributeerrors
    raise exc.with_traceback(info[2])
  File "E:\TODO-PROJECT\venv\Lib\site-packages\rest_framework\request.py", line 74, in wrap_attributeerrors
    yield
  File "E:\TODO-PROJECT\venv\Lib\site-packages\rest_framework\request.py", line 227, in user
    self._authenticate()
  File "E:\TODO-PROJECT\venv\Lib\site-packages\rest_framework\request.py", line 380, in _authenticate
    user_auth_tuple = authenticator.authenticate(self)
                      ^^^^^^^^^^^^^^^^^^^^^^^^^^^^^^^^
  File "E:\TODO-PROJECT\venv\Lib\site-packages\rest_framework\authentication.py", line 196, in authenticate
    return self.authenticate_credentials(token)
           ^^^^^^^^^^^^^^^^^^^^^^^^^^^^^^^^^^^^
  File "E:\TODO-PROJECT\venv\Lib\site-packages\rest_framework\authentication.py", line 202, in authenticate_credentials
    except model.DoesNotExist:
           ^^^^^^^^^^^^^^^^^^
rest_framework.request.WrappedAttributeError: type object 'Token' has no attribute 'DoesNotExist'
2024-01-29 10:52:21,981 ERROR "POST /api/todoapp/student/list/ HTTP/1.1" 500 156175 212
2024-01-29 10:52:25,984 WARNING Method Not Allowed: /api/todoapp/student/list/ 241
2024-01-29 10:52:25,984 WARNING "POST /api/todoapp/student/list/ HTTP/1.1" 405 41 212
2024-01-29 10:52:45,263 INFO "GET /api/todoapp/student/list/ HTTP/1.1" 200 927 212
2024-01-29 10:53:22,383 WARNING Not Found: /api/todoapp/student/1/delete/ 241
2024-01-29 10:53:22,384 WARNING "GET /api/todoapp/student/1/delete/ HTTP/1.1" 404 3082 212
2024-01-29 10:53:30,181 WARNING Not Found: /api/todoapp/student/1/delete/ 241
2024-01-29 10:53:30,181 WARNING "POST /api/todoapp/student/1/delete/ HTTP/1.1" 404 3083 212
2024-01-29 10:53:35,118 WARNING Not Found: /api/todoapp/student/1/delete/ 241
2024-01-29 10:53:35,118 WARNING "DELETE /api/todoapp/student/1/delete/ HTTP/1.1" 404 3085 212
2024-01-29 10:53:36,030 WARNING Not Found: /api/todoapp/student/1/delete/ 241
2024-01-29 10:53:36,030 WARNING "DELETE /api/todoapp/student/1/delete/ HTTP/1.1" 404 3085 212
2024-01-29 11:06:06,745 INFO E:\TODO-PROJECT\todo_project\todoapp\views.py changed, reloading. 266
2024-01-29 11:06:07,190 INFO Watching for file changes with StatReloader 668
2024-01-29 11:07:14,809 INFO E:\TODO-PROJECT\todo_project\todoapp\views.py changed, reloading. 266
2024-01-29 11:07:15,308 INFO Watching for file changes with StatReloader 668
2024-01-29 11:08:16,702 INFO E:\TODO-PROJECT\todo_project\todoapp\views.py changed, reloading. 266
2024-01-29 11:08:17,139 INFO Watching for file changes with StatReloader 668
2024-01-29 11:10:06,157 INFO E:\TODO-PROJECT\todo_project\todoapp\views.py changed, reloading. 266
2024-01-29 11:10:06,596 INFO Watching for file changes with StatReloader 668
2024-01-29 11:10:28,648 INFO E:\TODO-PROJECT\todo_project\todoapp\views.py changed, reloading. 266
2024-01-29 11:10:29,092 INFO Watching for file changes with StatReloader 668
2024-01-29 11:10:39,737 INFO E:\TODO-PROJECT\todo_project\todoapp\views.py changed, reloading. 266
2024-01-29 11:10:40,250 INFO Watching for file changes with StatReloader 668
2024-01-29 11:10:41,479 INFO E:\TODO-PROJECT\todo_project\todoapp\views.py changed, reloading. 266
2024-01-29 11:10:41,917 INFO Watching for file changes with StatReloader 668
2024-01-29 11:10:44,292 INFO E:\TODO-PROJECT\todo_project\todoapp\views.py changed, reloading. 266
2024-01-29 11:10:44,765 INFO Watching for file changes with StatReloader 668
2024-01-29 11:10:48,069 INFO E:\TODO-PROJECT\todo_project\todoapp\views.py changed, reloading. 266
2024-01-29 11:10:48,576 INFO Watching for file changes with StatReloader 668
2024-01-29 11:10:53,015 INFO E:\TODO-PROJECT\todo_project\todoapp\views.py changed, reloading. 266
2024-01-29 11:10:53,516 INFO Watching for file changes with StatReloader 668
2024-01-29 11:11:49,001 INFO Watching for file changes with StatReloader 668
2024-01-29 11:12:14,120 INFO E:\TODO-PROJECT\todo_project\todoapp\urls.py changed, reloading. 266
2024-01-29 11:12:14,613 INFO Watching for file changes with StatReloader 668
2024-01-29 11:12:22,564 INFO Watching for file changes with StatReloader 668
2024-01-29 11:12:29,807 WARNING Not Found: /api/todoapp/student/1/delete/ 241
2024-01-29 11:12:29,807 WARNING "POST /api/todoapp/student/1/delete/ HTTP/1.1" 404 3083 212
2024-01-29 11:12:31,794 WARNING Not Found: /api/todoapp/student/1/delete/ 241
2024-01-29 11:12:31,794 WARNING "POST /api/todoapp/student/1/delete/ HTTP/1.1" 404 3083 212
2024-01-29 11:13:04,286 INFO "GET /api/todoapp/student/list HTTP/1.1" 301 0 212
2024-01-29 11:13:04,323 INFO "GET /api/todoapp/student/list/ HTTP/1.1" 200 927 212
2024-01-29 11:13:09,623 INFO "GET /api/todoapp/student/list/ HTTP/1.1" 200 927 212
2024-01-29 11:13:21,825 WARNING Method Not Allowed: /api/todoapp/student/create/ 241
2024-01-29 11:13:21,825 WARNING "GET /api/todoapp/student/create/ HTTP/1.1" 405 40 212
2024-01-29 11:14:55,211 INFO "POST /api/todoapp/student/create/ HTTP/1.1" 201 55 212
2024-01-29 11:16:36,621 INFO E:\TODO-PROJECT\todo_project\todoapp\views.py changed, reloading. 266
2024-01-29 11:16:37,133 INFO Watching for file changes with StatReloader 668
2024-01-29 11:16:44,734 INFO E:\TODO-PROJECT\todo_project\todoapp\views.py changed, reloading. 266
2024-01-29 11:16:45,170 INFO Watching for file changes with StatReloader 668
2024-01-29 11:19:35,264 INFO E:\TODO-PROJECT\todo_project\todoapp\views.py changed, reloading. 266
2024-01-29 11:19:35,756 INFO Watching for file changes with StatReloader 668
2024-01-29 11:19:41,273 INFO E:\TODO-PROJECT\todo_project\todoapp\views.py changed, reloading. 266
2024-01-29 11:19:41,750 INFO Watching for file changes with StatReloader 668
2024-01-29 11:22:19,121 WARNING Not Found: /student/1/delete 241
2024-01-29 11:22:19,121 WARNING "GET /student/1/delete HTTP/1.1" 404 2355 212
2024-01-29 11:22:23,543 WARNING Not Found: /student/1/delete 241
2024-01-29 11:22:23,543 WARNING "PUT /student/1/delete HTTP/1.1" 404 2355 212
2024-01-29 11:22:49,364 WARNING Not Found: /student/1/delete 241
2024-01-29 11:22:49,364 WARNING "DELETE /student/1/delete HTTP/1.1" 404 2358 212
2024-01-29 11:22:51,156 WARNING Not Found: /student/1/delete 241
2024-01-29 11:22:51,157 WARNING "DELETE /student/1/delete HTTP/1.1" 404 2358 212
2024-01-29 11:23:30,079 WARNING Not Found: /student/5/delete 241
2024-01-29 11:23:30,079 WARNING "DELETE /student/5/delete HTTP/1.1" 404 2358 212
2024-01-29 11:23:31,194 WARNING Not Found: /student/5/delete 241
2024-01-29 11:23:31,194 WARNING "DELETE /student/5/delete HTTP/1.1" 404 2358 212
2024-01-29 11:26:20,218 INFO Watching for file changes with StatReloader 668
2024-01-29 11:27:31,520 INFO Watching for file changes with StatReloader 668
2024-01-29 11:29:24,770 INFO "GET /api/todoapp/student/list/ HTTP/1.1" 200 1102 212
2024-01-29 11:29:50,289 WARNING Not Found: /api/todoapp/student/2/delete 241
2024-01-29 11:29:50,289 WARNING "DELETE /api/todoapp/student/2/delete HTTP/1.1" 404 3082 212
2024-01-29 11:30:04,773 WARNING Not Found: /api/todoapp/student/2/delete 241
2024-01-29 11:30:04,773 WARNING "DELETE /api/todoapp/student/2/delete HTTP/1.1" 404 3082 212
2024-01-29 11:35:21,745 INFO Watching for file changes with StatReloader 668
2024-01-29 11:50:45,951 INFO Watching for file changes with StatReloader 668
2024-01-29 11:50:47,477 WARNING Not Found: / 241
2024-01-29 11:50:47,477 WARNING "GET / HTTP/1.1" 404 2289 212
2024-01-29 11:50:47,567 WARNING Not Found: /favicon.ico 241
2024-01-29 11:50:47,567 WARNING "GET /favicon.ico HTTP/1.1" 404 2340 212
2024-01-29 11:50:51,770 ERROR Internal Server Error: /api/todoapp/student/list/ 241
Traceback (most recent call last):
  File "E:\TODO-PROJECT\todo_project\.venv\Lib\site-packages\rest_framework\authentication.py", line 201, in authenticate_credentials
    token = model.objects.select_related('user').get(key=key)
            ^^^^^^^^^^^^^
AttributeError: type object 'Token' has no attribute 'objects'

During handling of the above exception, another exception occurred:

Traceback (most recent call last):
  File "E:\TODO-PROJECT\todo_project\.venv\Lib\site-packages\rest_framework\request.py", line 74, in wrap_attributeerrors
    yield
  File "E:\TODO-PROJECT\todo_project\.venv\Lib\site-packages\rest_framework\request.py", line 227, in user
    self._authenticate()
  File "E:\TODO-PROJECT\todo_project\.venv\Lib\site-packages\rest_framework\request.py", line 380, in _authenticate
    user_auth_tuple = authenticator.authenticate(self)
                      ^^^^^^^^^^^^^^^^^^^^^^^^^^^^^^^^
  File "E:\TODO-PROJECT\todo_project\.venv\Lib\site-packages\rest_framework\authentication.py", line 196, in authenticate
    return self.authenticate_credentials(token)
           ^^^^^^^^^^^^^^^^^^^^^^^^^^^^^^^^^^^^
  File "E:\TODO-PROJECT\todo_project\.venv\Lib\site-packages\rest_framework\authentication.py", line 202, in authenticate_credentials
    except model.DoesNotExist:
           ^^^^^^^^^^^^^^^^^^
AttributeError: type object 'Token' has no attribute 'DoesNotExist'

During handling of the above exception, another exception occurred:

Traceback (most recent call last):
  File "E:\TODO-PROJECT\todo_project\.venv\Lib\site-packages\django\core\handlers\exception.py", line 55, in inner
    response = get_response(request)
               ^^^^^^^^^^^^^^^^^^^^^
  File "E:\TODO-PROJECT\todo_project\.venv\Lib\site-packages\django\core\handlers\base.py", line 197, in _get_response
    response = wrapped_callback(request, *callback_args, **callback_kwargs)
               ^^^^^^^^^^^^^^^^^^^^^^^^^^^^^^^^^^^^^^^^^^^^^^^^^^^^^^^^^^^^
  File "E:\TODO-PROJECT\todo_project\.venv\Lib\site-packages\django\views\decorators\csrf.py", line 65, in _view_wrapper
    return view_func(request, *args, **kwargs)
           ^^^^^^^^^^^^^^^^^^^^^^^^^^^^^^^^^^^
  File "E:\TODO-PROJECT\todo_project\.venv\Lib\site-packages\django\views\generic\base.py", line 104, in view
    return self.dispatch(request, *args, **kwargs)
           ^^^^^^^^^^^^^^^^^^^^^^^^^^^^^^^^^^^^^^^
  File "E:\TODO-PROJECT\todo_project\.venv\Lib\site-packages\rest_framework\views.py", line 509, in dispatch
    response = self.handle_exception(exc)
               ^^^^^^^^^^^^^^^^^^^^^^^^^^
  File "E:\TODO-PROJECT\todo_project\.venv\Lib\site-packages\rest_framework\views.py", line 469, in handle_exception
    self.raise_uncaught_exception(exc)
  File "E:\TODO-PROJECT\todo_project\.venv\Lib\site-packages\rest_framework\views.py", line 480, in raise_uncaught_exception
    raise exc
  File "E:\TODO-PROJECT\todo_project\.venv\Lib\site-packages\rest_framework\views.py", line 497, in dispatch
    self.initial(request, *args, **kwargs)
  File "E:\TODO-PROJECT\todo_project\.venv\Lib\site-packages\rest_framework\views.py", line 414, in initial
    self.perform_authentication(request)
  File "E:\TODO-PROJECT\todo_project\.venv\Lib\site-packages\rest_framework\views.py", line 324, in perform_authentication
    request.user
  File "E:\TODO-PROJECT\todo_project\.venv\Lib\site-packages\rest_framework\request.py", line 226, in user
    with wrap_attributeerrors():
  File "C:\Users\N I T R O 5\AppData\Local\Programs\Python\Python312\Lib\contextlib.py", line 155, in __exit__
    self.gen.throw(value)
  File "E:\TODO-PROJECT\todo_project\.venv\Lib\site-packages\rest_framework\request.py", line 78, in wrap_attributeerrors
    raise exc.with_traceback(info[2])
  File "E:\TODO-PROJECT\todo_project\.venv\Lib\site-packages\rest_framework\request.py", line 74, in wrap_attributeerrors
    yield
  File "E:\TODO-PROJECT\todo_project\.venv\Lib\site-packages\rest_framework\request.py", line 227, in user
    self._authenticate()
  File "E:\TODO-PROJECT\todo_project\.venv\Lib\site-packages\rest_framework\request.py", line 380, in _authenticate
    user_auth_tuple = authenticator.authenticate(self)
                      ^^^^^^^^^^^^^^^^^^^^^^^^^^^^^^^^
  File "E:\TODO-PROJECT\todo_project\.venv\Lib\site-packages\rest_framework\authentication.py", line 196, in authenticate
    return self.authenticate_credentials(token)
           ^^^^^^^^^^^^^^^^^^^^^^^^^^^^^^^^^^^^
  File "E:\TODO-PROJECT\todo_project\.venv\Lib\site-packages\rest_framework\authentication.py", line 202, in authenticate_credentials
    except model.DoesNotExist:
           ^^^^^^^^^^^^^^^^^^
rest_framework.request.WrappedAttributeError: type object 'Token' has no attribute 'DoesNotExist'
2024-01-29 11:50:51,770 ERROR "GET /api/todoapp/student/list/ HTTP/1.1" 500 158235 212
2024-01-29 11:53:59,921 INFO Watching for file changes with StatReloader 668
2024-01-29 11:54:14,736 INFO "GET /api/todoapp/student/list/ HTTP/1.1" 200 1102 212
2024-01-29 11:54:14,736 INFO code 400, message Bad request syntax ('{') 212
2024-01-29 11:54:14,736 WARNING "{" 400 - 212
2024-01-29 11:54:29,445 INFO E:\TODO-PROJECT\todo_project\todoapp\views.py changed, reloading. 266
2024-01-29 11:54:29,893 INFO Watching for file changes with StatReloader 668
2024-01-29 11:55:26,688 WARNING Not Found: /api/todoapp/student/1/delete/ 241
2024-01-29 11:55:26,689 WARNING "DELETE /api/todoapp/student/1/delete/ HTTP/1.1" 404 3091 212
2024-01-29 11:55:26,689 INFO code 400, message Bad request syntax ('{') 212
2024-01-29 11:55:26,689 WARNING "{" 400 - 212
2024-01-29 11:55:44,380 WARNING Not Found: /api/todoapp/student/1/delete/ 241
2024-01-29 11:55:44,380 WARNING "DELETE /api/todoapp/student/1/delete/ HTTP/1.1" 404 3091 212
2024-01-29 11:55:56,883 WARNING Not Found: /api/todoapp/student/4/delete/ 241
2024-01-29 11:55:56,883 WARNING "DELETE /api/todoapp/student/4/delete/ HTTP/1.1" 404 3091 212
2024-01-29 11:56:00,982 WARNING Not Found: /api/todoapp/student/5/delete/ 241
2024-01-29 11:56:00,983 WARNING "DELETE /api/todoapp/student/5/delete/ HTTP/1.1" 404 3091 212
2024-01-29 11:56:17,203 INFO E:\TODO-PROJECT\todo_project\todoapp\views.py changed, reloading. 266
2024-01-29 11:56:17,766 INFO Watching for file changes with StatReloader 668
2024-01-29 11:58:16,902 INFO Watching for file changes with StatReloader 668
2024-01-29 11:58:18,994 WARNING Not Found: /api/todoapp/student/5/delete/ 241
2024-01-29 11:58:18,994 WARNING "DELETE /api/todoapp/student/5/delete/ HTTP/1.1" 404 3091 212
2024-01-29 11:59:36,201 INFO E:\TODO-PROJECT\todo_project\todoapp\urls.py changed, reloading. 266
2024-01-29 11:59:36,653 INFO Watching for file changes with StatReloader 668
2024-01-29 11:59:39,888 WARNING Not Found: /api/todoapp/student/5/delete/ 241
2024-01-29 11:59:39,888 WARNING "DELETE /api/todoapp/student/5/delete/ HTTP/1.1" 404 3095 212
2024-01-29 12:00:00,653 WARNING Not Found: /api/todoapp/student/5/delete/ 241
2024-01-29 12:00:00,653 WARNING "GET /api/todoapp/student/5/delete/ HTTP/1.1" 404 3086 212
2024-01-29 12:00:24,833 INFO E:\TODO-PROJECT\todo_project\todo_project\settings.py changed, reloading. 266
2024-01-29 12:00:25,318 INFO Watching for file changes with StatReloader 668
2024-01-29 12:00:29,468 WARNING Not Found: /api/todoapp/student/5/delete/ 241
2024-01-29 12:00:29,468 WARNING "GET /api/todoapp/student/5/delete/ HTTP/1.1" 404 3086 212
2024-01-29 12:01:25,847 WARNING Not Found: /api/todoapp/student/5/delete/ 241
2024-01-29 12:01:25,849 WARNING "DELETE /api/todoapp/student/5/delete/ HTTP/1.1" 404 3095 212
2024-01-29 12:04:00,043 INFO Watching for file changes with StatReloader 668
2024-01-29 12:04:10,587 WARNING Not Found: /api/todoapp/student/5/delete/ 241
2024-01-29 12:04:10,587 WARNING "DELETE /api/todoapp/student/5/delete/ HTTP/1.1" 404 3095 212
2024-01-29 12:04:17,671 INFO code 400, message Bad request version ('\x13') 212
2024-01-29 12:04:17,671 ERROR You're accessing the development server over HTTPS, but it only supports HTTP. 192
2024-01-29 12:04:19,262 INFO code 400, message Bad request version ('\x13') 212
2024-01-29 12:04:19,262 ERROR You're accessing the development server over HTTPS, but it only supports HTTP. 192
2024-01-29 12:04:26,223 WARNING Not Found: /api/todoapp/student/5/delete/ 241
2024-01-29 12:04:26,223 WARNING "DELETE /api/todoapp/student/5/delete/ HTTP/1.1" 404 3095 212
2024-01-29 12:06:30,529 INFO Watching for file changes with StatReloader 668
2024-01-29 12:06:57,232 INFO Watching for file changes with StatReloader 668
2024-01-29 12:07:22,096 INFO E:\TODO-PROJECT\todo_project\todo_project\settings.py changed, reloading. 266
2024-01-29 12:07:23,819 INFO Watching for file changes with StatReloader 668
2024-01-29 12:08:05,095 INFO Watching for file changes with StatReloader 668
2024-01-29 12:08:45,477 INFO Watching for file changes with StatReloader 668
2024-01-29 12:10:08,495 INFO Watching for file changes with StatReloader 668
2024-01-29 12:11:02,502 INFO Watching for file changes with StatReloader 668
2024-01-29 12:11:11,382 WARNING Not Found: /api/todoapp/student/5/delete/ 241
2024-01-29 12:11:11,382 WARNING "DELETE /api/todoapp/student/5/delete/ HTTP/1.1" 404 3095 212
2024-01-29 12:11:34,087 INFO E:\TODO-PROJECT\todo_project\todoapp\views.py changed, reloading. 266
2024-01-29 12:11:34,595 INFO Watching for file changes with StatReloader 668
2024-01-29 12:11:35,961 INFO E:\TODO-PROJECT\todo_project\todoapp\views.py changed, reloading. 266
2024-01-29 12:11:36,470 INFO Watching for file changes with StatReloader 668
2024-01-29 12:11:47,877 WARNING Not Found: / 241
2024-01-29 12:11:47,878 WARNING "GET / HTTP/1.1" 404 2289 212
2024-01-29 12:11:47,955 WARNING Not Found: /favicon.ico 241
2024-01-29 12:11:47,955 WARNING "GET /favicon.ico HTTP/1.1" 404 2340 212
2024-01-29 12:11:55,778 WARNING Not Found: /api/student/ 241
2024-01-29 12:11:55,778 WARNING "GET /api/student/ HTTP/1.1" 404 2343 212
2024-01-29 12:12:02,150 WARNING Not Found: /api/todoapp/ 241
2024-01-29 12:12:02,150 WARNING "GET /api/todoapp/ HTTP/1.1" 404 3035 212
2024-01-29 12:12:09,485 INFO "GET /api/todoapp/student/list/ HTTP/1.1" 200 1102 212
2024-01-29 12:12:13,512 WARNING Not Found: /api/todoapp/student/ 241
2024-01-29 12:12:13,512 WARNING "GET /api/todoapp/student/ HTTP/1.1" 404 3059 212
2024-01-29 12:12:22,778 WARNING Not Found: /api/todoapp/student/1/delete/ 241
2024-01-29 12:12:22,778 WARNING "GET /api/todoapp/student/1/delete/ HTTP/1.1" 404 3086 212
2024-01-29 12:12:41,107 INFO E:\TODO-PROJECT\todo_project\todoapp\urls.py changed, reloading. 266
2024-01-29 12:12:41,592 INFO Watching for file changes with StatReloader 668
2024-01-29 12:12:47,742 ERROR Internal Server Error: /api/todoapp/student/1/delete/ 241
Traceback (most recent call last):
  File "E:\TODO-PROJECT\todo_project\.venv\Lib\site-packages\django\core\handlers\exception.py", line 55, in inner
    response = get_response(request)
               ^^^^^^^^^^^^^^^^^^^^^
  File "E:\TODO-PROJECT\todo_project\.venv\Lib\site-packages\django\core\handlers\base.py", line 197, in _get_response
    response = wrapped_callback(request, *callback_args, **callback_kwargs)
               ^^^^^^^^^^^^^^^^^^^^^^^^^^^^^^^^^^^^^^^^^^^^^^^^^^^^^^^^^^^^
  File "E:\TODO-PROJECT\todo_project\.venv\Lib\site-packages\django\views\decorators\csrf.py", line 65, in _view_wrapper
    return view_func(request, *args, **kwargs)
           ^^^^^^^^^^^^^^^^^^^^^^^^^^^^^^^^^^^
  File "E:\TODO-PROJECT\todo_project\.venv\Lib\site-packages\django\views\generic\base.py", line 104, in view
    return self.dispatch(request, *args, **kwargs)
           ^^^^^^^^^^^^^^^^^^^^^^^^^^^^^^^^^^^^^^^
  File "E:\TODO-PROJECT\todo_project\.venv\Lib\site-packages\rest_framework\views.py", line 509, in dispatch
    response = self.handle_exception(exc)
               ^^^^^^^^^^^^^^^^^^^^^^^^^^
  File "E:\TODO-PROJECT\todo_project\.venv\Lib\site-packages\rest_framework\views.py", line 469, in handle_exception
    self.raise_uncaught_exception(exc)
  File "E:\TODO-PROJECT\todo_project\.venv\Lib\site-packages\rest_framework\views.py", line 480, in raise_uncaught_exception
    raise exc
  File "E:\TODO-PROJECT\todo_project\.venv\Lib\site-packages\rest_framework\views.py", line 506, in dispatch
    response = handler(request, *args, **kwargs)
               ^^^^^^^^^^^^^^^^^^^^^^^^^^^^^^^^^
  File "E:\TODO-PROJECT\todo_project\todoapp\views.py", line 142, in get
    return JsonResponse(data="none")
           ^^^^^^^^^^^^^^^^^^^^^^^^^
  File "E:\TODO-PROJECT\todo_project\.venv\Lib\site-packages\django\http\response.py", line 726, in __init__
    raise TypeError(
TypeError: In order to allow non-dict objects to be serialized set the safe parameter to False.
2024-01-29 12:12:47,742 ERROR "GET /api/todoapp/student/1/delete/ HTTP/1.1" 500 99931 212
2024-01-29 12:13:05,870 INFO E:\TODO-PROJECT\todo_project\todo_project\settings.py changed, reloading. 266
2024-01-29 12:13:06,348 INFO Watching for file changes with StatReloader 668
2024-01-29 12:13:13,941 INFO E:\TODO-PROJECT\todo_project\todoapp\views.py changed, reloading. 266
2024-01-29 12:13:14,364 INFO Watching for file changes with StatReloader 668
2024-01-29 12:13:17,787 INFO E:\TODO-PROJECT\todo_project\todoapp\views.py changed, reloading. 266
2024-01-29 12:13:18,222 INFO Watching for file changes with StatReloader 668
2024-01-29 12:13:20,599 INFO E:\TODO-PROJECT\todo_project\todoapp\views.py changed, reloading. 266
2024-01-29 12:13:21,041 INFO Watching for file changes with StatReloader 668
2024-01-29 12:13:24,483 INFO E:\TODO-PROJECT\todo_project\todoapp\views.py changed, reloading. 266
2024-01-29 12:13:24,965 INFO Watching for file changes with StatReloader 668
2024-01-29 12:13:28,289 INFO E:\TODO-PROJECT\todo_project\todoapp\views.py changed, reloading. 266
2024-01-29 12:13:28,746 INFO Watching for file changes with StatReloader 668
2024-01-29 12:13:44,609 INFO E:\TODO-PROJECT\todo_project\todoapp\views.py changed, reloading. 266
2024-01-29 12:13:45,051 INFO Watching for file changes with StatReloader 668
2024-01-29 12:13:51,593 INFO E:\TODO-PROJECT\todo_project\todoapp\views.py changed, reloading. 266
2024-01-29 12:13:52,045 INFO Watching for file changes with StatReloader 668
2024-01-29 12:13:56,969 WARNING Method Not Allowed: /api/todoapp/student/5/delete/ 241
2024-01-29 12:13:56,969 WARNING "DELETE /api/todoapp/student/5/delete/ HTTP/1.1" 405 43 212
2024-01-29 12:14:02,798 INFO "GET /api/todoapp/student/5/delete/ HTTP/1.1" 200 6 212
2024-01-29 12:14:14,250 INFO E:\TODO-PROJECT\todo_project\todoapp\views.py changed, reloading. 266
2024-01-29 12:14:14,682 INFO Watching for file changes with StatReloader 668
2024-01-29 12:14:16,942 INFO E:\TODO-PROJECT\todo_project\todoapp\views.py changed, reloading. 266
2024-01-29 12:14:17,420 INFO Watching for file changes with StatReloader 668
2024-01-29 12:14:19,832 INFO E:\TODO-PROJECT\todo_project\todoapp\views.py changed, reloading. 266
2024-01-29 12:14:20,266 INFO Watching for file changes with StatReloader 668
2024-01-29 12:14:23,562 INFO E:\TODO-PROJECT\todo_project\todoapp\views.py changed, reloading. 266
2024-01-29 12:14:24,052 INFO Watching for file changes with StatReloader 668
2024-01-29 12:14:28,747 WARNING Method Not Allowed: /api/todoapp/student/5/delete/ 241
2024-01-29 12:14:28,747 WARNING "GET /api/todoapp/student/5/delete/ HTTP/1.1" 405 40 212
2024-01-29 12:14:32,461 INFO "DELETE /api/todoapp/student/5/delete/ HTTP/1.1" 200 59 212
2024-01-29 12:15:15,305 INFO Watching for file changes with StatReloader 668
2024-01-29 12:25:04,746 INFO "DELETE /api/todoapp/student/6/delete/ HTTP/1.1" 200 59 212
2024-01-29 12:25:36,845 WARNING Method Not Allowed: /api/todoapp/student/6/delete/ 241
2024-01-29 12:25:36,845 WARNING "GET /api/todoapp/student/6/delete/ HTTP/1.1" 405 5120 212
2024-01-29 12:25:36,983 INFO "GET /static/rest_framework/css/bootstrap-tweaks.css HTTP/1.1" 200 3385 212
2024-01-29 12:25:36,986 INFO "GET /static/rest_framework/css/bootstrap.min.css HTTP/1.1" 200 121457 212
2024-01-29 12:25:36,990 INFO "GET /static/rest_framework/css/default.css HTTP/1.1" 200 1152 212
2024-01-29 12:25:36,997 INFO "GET /static/rest_framework/js/csrf.js HTTP/1.1" 200 1719 212
2024-01-29 12:25:36,998 INFO "GET /static/rest_framework/css/prettify.css HTTP/1.1" 200 817 212
2024-01-29 12:25:37,000 INFO "GET /static/rest_framework/js/ajax-form.js HTTP/1.1" 200 3597 212
2024-01-29 12:25:37,008 INFO "GET /static/rest_framework/js/bootstrap.min.js HTTP/1.1" 200 39680 212
2024-01-29 12:25:37,009 INFO "GET /static/rest_framework/js/prettify-min.js HTTP/1.1" 200 13632 212
2024-01-29 12:25:37,010 INFO "GET /static/rest_framework/img/grid.png HTTP/1.1" 200 1458 212
2024-01-29 12:25:37,010 INFO "GET /static/rest_framework/js/default.js HTTP/1.1" 200 1268 212
2024-01-29 12:25:37,023 INFO "GET /static/rest_framework/js/jquery-3.5.1.min.js HTTP/1.1" 200 89476 212
2024-01-29 12:25:37,175 WARNING Not Found: /favicon.ico 241
2024-01-29 12:25:37,175 WARNING "GET /favicon.ico HTTP/1.1" 404 2340 212
2024-01-29 12:25:42,218 INFO "OPTIONS /api/todoapp/student/6/delete/ HTTP/1.1" 200 5398 212
2024-01-29 12:26:17,277 INFO "GET /api/todoapp/student/list/ HTTP/1.1" 200 1102 212
